<?xml version="1.0" encoding="UTF-8"?>
<!-- Generated by org.testng.reporters.JUnitReportReporter -->
<testsuite skipped="0" hostname="Gopinaths-MacBook-Pro.local" name="Radi_Assignment_TestCase.InvalidUserName" tests="1" failures="0" timestamp="30 Sep 2018 06:18:07 GMT" time="15.599" errors="0">
  <testcase name="InvalidTextUsernameField" time="15.599" classname="Radi_Assignment_TestCase.InvalidUserName"/>
</testsuite> <!-- Radi_Assignment_TestCase.InvalidUserName -->
