<?xml version="1.0" encoding="UTF-8"?>
<!-- Generated by org.testng.reporters.JUnitReportReporter -->
<testsuite skipped="0" hostname="Gopinaths-MacBook-Pro.local" name="Radi_Assignment_TestCase.EmptyPassword" tests="1" failures="0" timestamp="30 Sep 2018 06:18:07 GMT" time="11.247" errors="0">
  <testcase name="EmptyPasswordField_ValidUsername" time="11.247" classname="Radi_Assignment_TestCase.EmptyPassword"/>
</testsuite> <!-- Radi_Assignment_TestCase.EmptyPassword -->
