<?xml version="1.0" encoding="UTF-8"?>
<!-- Generated by org.testng.reporters.JUnitReportReporter -->
<testsuite skipped="0" hostname="Gopinaths-MacBook-Pro.local" name="Radi_Assignment_TestCase.SuccessLogin" tests="1" failures="0" timestamp="30 Sep 2018 06:18:07 GMT" time="26.629" errors="0">
  <testcase name="ValidLoginTest_ValidUserNameValidPassword" time="26.629" classname="Radi_Assignment_TestCase.SuccessLogin"/>
</testsuite> <!-- Radi_Assignment_TestCase.SuccessLogin -->
