<?xml version="1.0" encoding="UTF-8"?>
<!-- Generated by org.testng.reporters.JUnitReportReporter -->
<testsuite skipped="0" hostname="Gopinaths-MacBook-Pro.local" name="Radi_Assignment_TestCase.EmptyUsernamePassword" tests="1" failures="0" timestamp="30 Sep 2018 06:18:07 GMT" time="10.633" errors="0">
  <testcase name="EmptyField" time="10.633" classname="Radi_Assignment_TestCase.EmptyUsernamePassword"/>
</testsuite> <!-- Radi_Assignment_TestCase.EmptyUsernamePassword -->
